2022-11-04 20:16:28,672 |   Server |    INFO | ICE NYSE portfolio version 2.0.1.
2022-11-04 20:16:28,672 |  IcnHost |    INFO | Max Global Notional 1mm.
2022-11-04 20:16:28,673 |  IcnHost |    INFO | Beta file loaded.
2022-11-04 20:16:28,678 |  IcnHost |    INFO | Loaded alpha pkl file.
2022-11-04 20:16:28,958 |  IcnHost |    INFO | Loaded Omega pkl file.
2022-11-04 20:16:28,959 |  IcnHost |    INFO | Start time is set to 20221104 15:50:00.000000
2022-11-04 20:16:28,959 |  IcnHost |    INFO | End time is set to 20221104 15:59:59.000000
2022-11-04 20:16:28,960 |  IcnHost |    INFO | Record Timer set at 20221104 15:50:00.900000.
2022-11-04 20:16:28,961 |  IcnHost |    INFO | --------------------------
2022-11-04 20:16:28,961 |  IcnHost |    INFO | Configure
2022-11-04 20:16:28,961 |  IcnHost |    INFO | --------------------------
2022-11-04 20:16:28,961 |  IcnHost |    INFO | Global BP              1mm
2022-11-04 20:16:28,961 |  IcnHost |    INFO | Lambda                 0.5
2022-11-04 20:16:28,961 |  IcnHost |    INFO | Cost Linear         0.0003
2022-11-04 20:16:28,961 |  IcnHost |    INFO | Cost Quadratic           0
2022-11-04 20:16:28,961 |  IcnHost |    INFO | Lower Bound          -0.05
2022-11-04 20:16:28,961 |  IcnHost |    INFO | Upper Bound           0.05
2022-11-04 20:16:28,961 |  IcnHost |    INFO | --------------------------
2022-11-04 20:16:28,961 |  IcnHost |   ERROR | Failed to send MOC. Broken pipe.
2022-11-04 20:16:28,962 |  IcnHost |    INFO | MOC Scheduled at 20221104 15:58:55.000000.
2022-11-04 20:16:29,062 |   Server |    INFO | ACCEPTing connections on port 8866.
2022-11-04 20:16:31,620 |  IcnHost |    INFO | Stopped.
2022-11-04 20:16:31,620 |   Server |    INFO | Stopped.
2022-11-04 20:17:15,262 |   Server |    INFO | ICE NYSE portfolio version 2.0.1.
2022-11-04 20:17:15,262 |  IcnHost |    INFO | Max Global Notional 1mm.
2022-11-04 20:17:15,263 |  IcnHost |    INFO | Beta file loaded.
2022-11-04 20:17:15,269 |  IcnHost |    INFO | Loaded alpha pkl file.
2022-11-04 20:17:15,548 |  IcnHost |    INFO | Loaded Omega pkl file.
2022-11-04 20:17:15,550 |  IcnHost |    INFO | Start time is set to 20221104 15:50:00.000000
2022-11-04 20:17:15,550 |  IcnHost |    INFO | End time is set to 20221104 15:59:59.000000
2022-11-04 20:17:15,550 |  IcnHost |    INFO | Record refprice at 15:50:00 (XOM,0,0.00)
2022-11-04 20:17:15,550 |  IcnHost |    INFO | Record refprice at 15:50:00 (BABA,0,0.00)
2022-11-04 20:17:15,551 |  IcnHost |    INFO | Record refprice at 15:58:00 (XOM,0,0.00)
2022-11-04 20:17:15,551 |  IcnHost |    INFO | Record Timer set at 20221104 15:50:00.900000.
2022-11-04 20:17:15,550 |  IcnHost |    INFO | Record refprice at 15:55:00 (XOM,0,0.00)
2022-11-04 20:17:15,551 |  IcnHost |    INFO | Record refprice at 15:50:00 (UNH,0,0.00)
2022-11-04 20:17:15,551 |  IcnHost |    INFO | Record refprice at 15:58:00 (BABA,0,0.00)
2022-11-04 20:17:15,551 |  IcnHost |    INFO | --------------------------
2022-11-04 20:17:15,551 |  IcnHost |    INFO | Record refprice at 15:55:00 (BABA,0,0.00)
2022-11-04 20:17:15,551 |  IcnHost |    INFO | Record refprice at 15:50:00 (CVX,0,0.00)
2022-11-04 20:17:15,551 |  IcnHost |    INFO | Record refprice at 15:58:00 (UNH,0,0.00)
2022-11-04 20:17:15,551 |  IcnHost |    INFO | Configure
2022-11-04 20:17:15,552 |  IcnHost |    INFO | Record refprice at 15:55:00 (UNH,0,0.00)
2022-11-04 20:17:15,552 |  IcnHost |    INFO | Record refprice at 15:50:00 (LIN,0,0.00)
2022-11-04 20:17:15,552 |  IcnHost |    INFO | Record refprice at 15:58:00 (CVX,0,0.00)
2022-11-04 20:17:15,552 |  IcnHost |    INFO | --------------------------
2022-11-04 20:17:15,552 |  IcnHost |    INFO | Record refprice at 15:55:00 (CVX,0,0.00)
2022-11-04 20:17:15,552 |  IcnHost |    INFO | Record refprice at 15:50:00 (OXY,0,0.00)
2022-11-04 20:17:15,552 |  IcnHost |    INFO | Record refprice at 15:58:00 (LIN,0,0.00)
2022-11-04 20:17:15,552 |  IcnHost |    INFO | Global BP              1mm
2022-11-04 20:17:15,552 |  IcnHost |    INFO | Record refprice at 15:55:00 (LIN,0,0.00)
2022-11-04 20:17:15,552 |  IcnHost |    INFO | Record refprice at 15:50:00 (BAC,0,0.00)
2022-11-04 20:17:15,552 |  IcnHost |    INFO | Record refprice at 15:58:00 (OXY,0,0.00)
2022-11-04 20:17:15,552 |  IcnHost |    INFO | Lambda                 0.5
2022-11-04 20:17:15,552 |  IcnHost |    INFO | Record refprice at 15:55:00 (OXY,0,0.00)
2022-11-04 20:17:15,552 |  IcnHost |    INFO | Record refprice at 15:50:00 (JPM,0,0.00)
2022-11-04 20:17:15,552 |  IcnHost |    INFO | Record refprice at 15:58:00 (BAC,0,0.00)
2022-11-04 20:17:15,552 |  IcnHost |    INFO | Cost Linear         0.0003
2022-11-04 20:17:15,552 |  IcnHost |    INFO | Record refprice at 15:55:00 (BAC,0,0.00)
2022-11-04 20:17:15,553 |  IcnHost |    INFO | Record refprice at 15:50:00 (JNJ,0,0.00)
2022-11-04 20:17:15,553 |  IcnHost |    INFO | Record refprice at 15:58:00 (JPM,0,0.00)
2022-11-04 20:17:15,553 |  IcnHost |    INFO | Cost Quadratic           0
2022-11-04 20:17:15,553 |  IcnHost |    INFO | Record refprice at 15:55:00 (JPM,0,0.00)
2022-11-04 20:17:15,553 |  IcnHost |    INFO | Record refprice at 15:50:00 (V,0,0.00)
2022-11-04 20:17:15,553 |  IcnHost |    INFO | Record refprice at 15:58:00 (JNJ,0,0.00)
2022-11-04 20:17:15,553 |  IcnHost |    INFO | Lower Bound          -0.05
2022-11-04 20:17:15,553 |  IcnHost |    INFO | Record refprice at 15:55:00 (JNJ,0,0.00)
2022-11-04 20:17:15,553 |  IcnHost |    INFO | Record refprice at 15:50:00 (BRK.B,0,0.00)
2022-11-04 20:17:15,553 |  IcnHost |    INFO | Record refprice at 15:58:00 (V,0,0.00)
2022-11-04 20:17:15,553 |  IcnHost |    INFO | Upper Bound           0.05
2022-11-04 20:17:15,553 |  IcnHost |    INFO | Record refprice at 15:55:00 (V,0,0.00)
2022-11-04 20:17:15,553 |  IcnHost |    INFO | Record refprice at 15:50:00 (HD,0,0.00)
2022-11-04 20:17:15,553 |  IcnHost |    INFO | Record refprice at 15:58:00 (BRK.B,0,0.00)
2022-11-04 20:17:15,553 |  IcnHost |    INFO | --------------------------
2022-11-04 20:17:15,553 |  IcnHost |    INFO | Record refprice at 15:55:00 (BRK.B,0,0.00)
2022-11-04 20:17:15,553 |  IcnHost |    INFO | Record refprice at 15:50:00 (MRK,0,0.00)
2022-11-04 20:17:15,553 |  IcnHost |    INFO | Record refprice at 15:58:00 (HD,0,0.00)
2022-11-04 20:17:15,554 |  IcnHost |    INFO | Record refprice at 15:55:00 (HD,0,0.00)
2022-11-04 20:17:15,554 |  IcnHost |    INFO | Record refprice at 15:50:00 (BA,0,0.00)
2022-11-04 20:17:15,554 |  IcnHost |    INFO | Record refprice at 15:58:00 (MRK,0,0.00)
2022-11-04 20:17:15,554 |  IcnHost |    INFO | Record refprice at 15:55:00 (MRK,0,0.00)
2022-11-04 20:17:15,554 |  IcnHost |    INFO | Record refprice at 15:50:00 (PG,0,0.00)
2022-11-04 20:17:15,554 |  IcnHost |   ERROR | Failed to send MOC. Broken pipe.
2022-11-04 20:17:15,554 |  IcnHost |    INFO | Record refprice at 15:58:00 (BA,0,0.00)
2022-11-04 20:17:15,554 |  IcnHost |    INFO | Record refprice at 15:55:00 (BA,0,0.00)
2022-11-04 20:17:15,554 |  IcnHost |    INFO | MOC Scheduled at 20221104 15:58:55.000000.
2022-11-04 20:17:15,554 |  IcnHost |    INFO | Record refprice at 15:50:00 (CRM,0,0.00)
2022-11-04 20:17:15,554 |  IcnHost |    INFO | Record refprice at 15:58:00 (PG,0,0.00)
2022-11-04 20:17:15,554 |  IcnHost |    INFO | Record refprice at 15:55:00 (PG,0,0.00)
2022-11-04 20:17:15,554 |  IcnHost |    INFO | Record refprice at 15:50:00 (NIO,0,0.00)
2022-11-04 20:17:15,555 |  IcnHost |    INFO | Record refprice at 15:58:00 (CRM,0,0.00)
2022-11-04 20:17:15,555 |  IcnHost |    INFO | Record refprice at 15:50:00 (MPC,0,0.00)
2022-11-04 20:17:15,555 |  IcnHost |    INFO | Record refprice at 15:55:00 (CRM,0,0.00)
2022-11-04 20:17:15,555 |  IcnHost |    INFO | Record refprice at 15:58:00 (NIO,0,0.00)
2022-11-04 20:17:15,555 |  IcnHost |    INFO | Record refprice at 15:50:00 (VLO,0,0.00)
2022-11-04 20:17:15,555 |  IcnHost |    INFO | Record refprice at 15:55:00 (NIO,0,0.00)
2022-11-04 20:17:15,555 |  IcnHost |    INFO | Record refprice at 15:58:00 (MPC,0,0.00)
2022-11-04 20:17:15,555 |  IcnHost |    INFO | Record refprice at 15:50:00 (COP,0,0.00)
2022-11-04 20:17:15,555 |  IcnHost |    INFO | Record refprice at 15:55:00 (MPC,0,0.00)
2022-11-04 20:17:15,555 |  IcnHost |    INFO | Record refprice at 15:58:00 (VLO,0,0.00)
2022-11-04 20:17:15,555 |  IcnHost |    INFO | Record refprice at 15:50:00 (PFE,0,0.00)
2022-11-04 20:17:15,555 |  IcnHost |    INFO | Record refprice at 15:55:00 (VLO,0,0.00)
2022-11-04 20:17:15,555 |  IcnHost |    INFO | Record refprice at 15:58:00 (COP,0,0.00)
2022-11-04 20:17:15,555 |  IcnHost |    INFO | Record refprice at 15:50:00 (VZ,0,0.00)
2022-11-04 20:17:15,555 |  IcnHost |    INFO | Record refprice at 15:55:00 (COP,0,0.00)
2022-11-04 20:17:15,555 |  IcnHost |    INFO | Record refprice at 15:58:00 (PFE,0,0.00)
2022-11-04 20:17:15,556 |  IcnHost |    INFO | Record refprice at 15:50:00 (C,0,0.00)
2022-11-04 20:17:15,556 |  IcnHost |    INFO | Record refprice at 15:55:00 (PFE,0,0.00)
2022-11-04 20:17:15,556 |  IcnHost |    INFO | Record refprice at 15:58:00 (VZ,0,0.00)
2022-11-04 20:17:15,556 |  IcnHost |    INFO | Record refprice at 15:50:00 (KO,0,0.00)
2022-11-04 20:17:15,556 |  IcnHost |    INFO | Record refprice at 15:55:00 (VZ,0,0.00)
2022-11-04 20:17:15,556 |  IcnHost |    INFO | Record refprice at 15:58:00 (C,0,0.00)
2022-11-04 20:17:15,556 |  IcnHost |    INFO | Record refprice at 15:50:00 (PXD,0,0.00)
2022-11-04 20:17:15,556 |  IcnHost |    INFO | Record refprice at 15:55:00 (C,0,0.00)
2022-11-04 20:17:15,556 |  IcnHost |    INFO | Record refprice at 15:58:00 (KO,0,0.00)
2022-11-04 20:17:15,556 |  IcnHost |    INFO | Record refprice at 15:50:00 (WFC,0,0.00)
2022-11-04 20:17:15,556 |  IcnHost |    INFO | Record refprice at 15:55:00 (KO,0,0.00)
2022-11-04 20:17:15,556 |  IcnHost |    INFO | Record refprice at 15:58:00 (PXD,0,0.00)
2022-11-04 20:17:15,556 |  IcnHost |    INFO | Record refprice at 15:50:00 (BMY,0,0.00)
2022-11-04 20:17:15,556 |  IcnHost |    INFO | Record refprice at 15:55:00 (PXD,0,0.00)
2022-11-04 20:17:15,556 |  IcnHost |    INFO | Record refprice at 15:58:00 (WFC,0,0.00)
2022-11-04 20:17:15,556 |  IcnHost |    INFO | Record refprice at 15:50:00 (MA,0,0.00)
2022-11-04 20:17:15,556 |  IcnHost |    INFO | Record refprice at 15:55:00 (WFC,0,0.00)
2022-11-04 20:17:15,556 |  IcnHost |    INFO | Record refprice at 15:58:00 (BMY,0,0.00)
2022-11-04 20:17:15,557 |  IcnHost |    INFO | Record refprice at 15:50:00 (NKE,0,0.00)
2022-11-04 20:17:15,557 |  IcnHost |    INFO | Record refprice at 15:55:00 (BMY,0,0.00)
2022-11-04 20:17:15,557 |  IcnHost |    INFO | Record refprice at 15:58:00 (MA,0,0.00)
2022-11-04 20:17:15,557 |  IcnHost |    INFO | Record refprice at 15:50:00 (DIS,0,0.00)
2022-11-04 20:17:15,557 |  IcnHost |    INFO | Record refprice at 15:55:00 (MA,0,0.00)
2022-11-04 20:17:15,557 |  IcnHost |    INFO | Record refprice at 15:58:00 (NKE,0,0.00)
2022-11-04 20:17:15,557 |  IcnHost |    INFO | Record refprice at 15:50:00 (LLY,0,0.00)
2022-11-04 20:17:15,557 |  IcnHost |    INFO | Record refprice at 15:55:00 (NKE,0,0.00)
2022-11-04 20:17:15,557 |  IcnHost |    INFO | Record refprice at 15:58:00 (DIS,0,0.00)
2022-11-04 20:17:15,557 |  IcnHost |    INFO | Record refprice at 15:50:00 (ABBV,0,0.00)
2022-11-04 20:17:15,557 |  IcnHost |    INFO | Record refprice at 15:55:00 (DIS,0,0.00)
2022-11-04 20:17:15,557 |  IcnHost |    INFO | Record refprice at 15:58:00 (LLY,0,0.00)
2022-11-04 20:17:15,557 |  IcnHost |    INFO | Record refprice at 15:50:00 (T,0,0.00)
2022-11-04 20:17:15,557 |  IcnHost |    INFO | Record refprice at 15:55:00 (LLY,0,0.00)
2022-11-04 20:17:15,557 |  IcnHost |    INFO | Record refprice at 15:58:00 (ABBV,0,0.00)
2022-11-04 20:17:15,557 |  IcnHost |    INFO | Record refprice at 15:50:00 (SHOP,0,0.00)
2022-11-04 20:17:15,557 |  IcnHost |    INFO | Record refprice at 15:55:00 (ABBV,0,0.00)
2022-11-04 20:17:15,557 |  IcnHost |    INFO | Record refprice at 15:58:00 (T,0,0.00)
2022-11-04 20:17:15,558 |  IcnHost |    INFO | Record refprice at 15:50:00 (DVN,0,0.00)
2022-11-04 20:17:15,558 |  IcnHost |    INFO | Record refprice at 15:55:00 (T,0,0.00)
2022-11-04 20:17:15,558 |  IcnHost |    INFO | Record refprice at 15:58:00 (SHOP,0,0.00)
2022-11-04 20:17:15,558 |  IcnHost |    INFO | Record refprice at 15:50:00 (WMT,0,0.00)
2022-11-04 20:17:15,558 |  IcnHost |    INFO | Record refprice at 15:55:00 (SHOP,0,0.00)
2022-11-04 20:17:15,558 |  IcnHost |    INFO | Record refprice at 15:58:00 (DVN,0,0.00)
2022-11-04 20:17:15,558 |  IcnHost |    INFO | Record refprice at 15:50:00 (SPGI,0,0.00)
2022-11-04 20:17:15,558 |  IcnHost |    INFO | Record refprice at 15:55:00 (DVN,0,0.00)
2022-11-04 20:17:15,558 |  IcnHost |    INFO | Record refprice at 15:58:00 (WMT,0,0.00)
2022-11-04 20:17:15,558 |  IcnHost |    INFO | Record refprice at 15:50:00 (LOW,0,0.00)
2022-11-04 20:17:15,558 |  IcnHost |    INFO | Record refprice at 15:55:00 (WMT,0,0.00)
2022-11-04 20:17:15,558 |  IcnHost |    INFO | Record refprice at 15:58:00 (SPGI,0,0.00)
2022-11-04 20:17:15,558 |  IcnHost |    INFO | Record refprice at 15:50:00 (MO,0,0.00)
2022-11-04 20:17:15,558 |  IcnHost |    INFO | Record refprice at 15:55:00 (SPGI,0,0.00)
2022-11-04 20:17:15,558 |  IcnHost |    INFO | Record refprice at 15:58:00 (LOW,0,0.00)
2022-11-04 20:17:15,558 |  IcnHost |    INFO | Record refprice at 15:50:00 (CAT,0,0.00)
2022-11-04 20:17:15,558 |  IcnHost |    INFO | Record refprice at 15:55:00 (LOW,0,0.00)
2022-11-04 20:17:15,559 |  IcnHost |    INFO | Record refprice at 15:58:00 (MO,0,0.00)
2022-11-04 20:17:15,559 |  IcnHost |    INFO | Record refprice at 15:50:00 (RBLX,0,0.00)
2022-11-04 20:17:15,559 |  IcnHost |    INFO | Record refprice at 15:55:00 (MO,0,0.00)
2022-11-04 20:17:15,559 |  IcnHost |    INFO | Record refprice at 15:58:00 (CAT,0,0.00)
2022-11-04 20:17:15,559 |  IcnHost |    INFO | Record refprice at 15:50:00 (SQ,0,0.00)
2022-11-04 20:17:15,559 |  IcnHost |    INFO | Record refprice at 15:55:00 (CAT,0,0.00)
2022-11-04 20:17:15,559 |  IcnHost |    INFO | Record refprice at 15:58:00 (RBLX,0,0.00)
2022-11-04 20:17:15,559 |  IcnHost |    INFO | Record refprice at 15:50:00 (FCX,0,0.00)
2022-11-04 20:17:15,559 |  IcnHost |    INFO | Record refprice at 15:55:00 (RBLX,0,0.00)
2022-11-04 20:17:15,559 |  IcnHost |    INFO | Record refprice at 15:58:00 (SQ,0,0.00)
2022-11-04 20:17:15,559 |  IcnHost |    INFO | Record refprice at 15:50:00 (ACN,0,0.00)
2022-11-04 20:17:15,559 |  IcnHost |    INFO | Record refprice at 15:55:00 (SQ,0,0.00)
2022-11-04 20:17:15,559 |  IcnHost |    INFO | Record refprice at 15:58:00 (FCX,0,0.00)
2022-11-04 20:17:15,559 |  IcnHost |    INFO | Record refprice at 15:50:00 (SNOW,0,0.00)
2022-11-04 20:17:15,559 |  IcnHost |    INFO | Record refprice at 15:55:00 (FCX,0,0.00)
2022-11-04 20:17:15,559 |  IcnHost |    INFO | Record refprice at 15:58:00 (ACN,0,0.00)
2022-11-04 20:17:15,559 |  IcnHost |    INFO | Record refprice at 15:50:00 (GS,0,0.00)
2022-11-04 20:17:15,559 |  IcnHost |    INFO | Record refprice at 15:55:00 (ACN,0,0.00)
2022-11-04 20:17:15,560 |  IcnHost |    INFO | Record refprice at 15:58:00 (SNOW,0,0.00)
2022-11-04 20:17:15,560 |  IcnHost |    INFO | Record refprice at 15:50:00 (SLB,0,0.00)
2022-11-04 20:17:15,560 |  IcnHost |    INFO | Record refprice at 15:55:00 (SNOW,0,0.00)
2022-11-04 20:17:15,560 |  IcnHost |    INFO | Record refprice at 15:58:00 (GS,0,0.00)
2022-11-04 20:17:15,560 |  IcnHost |    INFO | Record refprice at 15:50:00 (TSM,0,0.00)
2022-11-04 20:17:15,560 |  IcnHost |    INFO | Record refprice at 15:55:00 (GS,0,0.00)
2022-11-04 20:17:15,560 |  IcnHost |    INFO | Record refprice at 15:58:00 (SLB,0,0.00)
2022-11-04 20:17:15,560 |  IcnHost |    INFO | Record refprice at 15:50:00 (IBM,0,0.00)
2022-11-04 20:17:15,560 |  IcnHost |    INFO | Record refprice at 15:55:00 (SLB,0,0.00)
2022-11-04 20:17:15,560 |  IcnHost |    INFO | Record refprice at 15:58:00 (TSM,0,0.00)
2022-11-04 20:17:15,560 |  IcnHost |    INFO | Record refprice at 15:50:00 (MCD,0,0.00)
2022-11-04 20:17:15,560 |  IcnHost |    INFO | Record refprice at 15:55:00 (TSM,0,0.00)
2022-11-04 20:17:15,560 |  IcnHost |    INFO | Record refprice at 15:58:00 (IBM,0,0.00)
2022-11-04 20:17:15,560 |  IcnHost |    INFO | Record refprice at 15:50:00 (NEE,0,0.00)
2022-11-04 20:17:15,560 |  IcnHost |    INFO | Record refprice at 15:55:00 (IBM,0,0.00)
2022-11-04 20:17:15,560 |  IcnHost |    INFO | Record refprice at 15:58:00 (MCD,0,0.00)
2022-11-04 20:17:15,560 |  IcnHost |    INFO | Record refprice at 15:50:00 (TGT,0,0.00)
2022-11-04 20:17:15,560 |  IcnHost |    INFO | Record refprice at 15:55:00 (MCD,0,0.00)
2022-11-04 20:17:15,560 |  IcnHost |    INFO | Record refprice at 15:58:00 (NEE,0,0.00)
2022-11-04 20:17:15,561 |  IcnHost |    INFO | Record refprice at 15:50:00 (ORCL,0,0.00)
2022-11-04 20:17:15,561 |  IcnHost |    INFO | Record refprice at 15:55:00 (NEE,0,0.00)
2022-11-04 20:17:15,561 |  IcnHost |    INFO | Record refprice at 15:58:00 (TGT,0,0.00)
2022-11-04 20:17:15,561 |  IcnHost |    INFO | Record refprice at 15:50:00 (FDX,0,0.00)
2022-11-04 20:17:15,561 |  IcnHost |    INFO | Record refprice at 15:55:00 (TGT,0,0.00)
2022-11-04 20:17:15,561 |  IcnHost |    INFO | Record refprice at 15:58:00 (ORCL,0,0.00)
2022-11-04 20:17:15,561 |  IcnHost |    INFO | Record refprice at 15:50:00 (EOG,0,0.00)
2022-11-04 20:17:15,561 |  IcnHost |    INFO | Record refprice at 15:55:00 (ORCL,0,0.00)
2022-11-04 20:17:15,561 |  IcnHost |    INFO | Record refprice at 15:58:00 (FDX,0,0.00)
2022-11-04 20:17:15,561 |  IcnHost |    INFO | Record refprice at 15:50:00 (MS,0,0.00)
2022-11-04 20:17:15,561 |  IcnHost |    INFO | Record refprice at 15:55:00 (FDX,0,0.00)
2022-11-04 20:17:15,561 |  IcnHost |    INFO | Record refprice at 15:58:00 (EOG,0,0.00)
2022-11-04 20:17:15,561 |  IcnHost |    INFO | Record refprice at 15:50:00 (UBER,0,0.00)
2022-11-04 20:17:15,561 |  IcnHost |    INFO | Record refprice at 15:55:00 (EOG,0,0.00)
2022-11-04 20:17:15,561 |  IcnHost |    INFO | Record refprice at 15:58:00 (MS,0,0.00)
2022-11-04 20:17:15,561 |  IcnHost |    INFO | Record refprice at 15:50:00 (VICI,0,0.00)
2022-11-04 20:17:15,561 |  IcnHost |    INFO | Record refprice at 15:55:00 (MS,0,0.00)
2022-11-04 20:17:15,562 |  IcnHost |    INFO | Record refprice at 15:58:00 (UBER,0,0.00)
2022-11-04 20:17:15,562 |  IcnHost |    INFO | Record refprice at 15:50:00 (MRO,0,0.00)
2022-11-04 20:17:15,562 |  IcnHost |    INFO | Record refprice at 15:55:00 (UBER,0,0.00)
2022-11-04 20:17:15,562 |  IcnHost |    INFO | Record refprice at 15:58:00 (VICI,0,0.00)
2022-11-04 20:17:15,562 |  IcnHost |    INFO | Record refprice at 15:50:00 (NOW,0,0.00)
2022-11-04 20:17:15,562 |  IcnHost |    INFO | Record refprice at 15:55:00 (VICI,0,0.00)
2022-11-04 20:17:15,562 |  IcnHost |    INFO | Record refprice at 15:58:00 (MRO,0,0.00)
2022-11-04 20:17:15,562 |  IcnHost |    INFO | Record refprice at 15:50:00 (ABT,0,0.00)
2022-11-04 20:17:15,562 |  IcnHost |    INFO | Record refprice at 15:55:00 (MRO,0,0.00)
2022-11-04 20:17:15,562 |  IcnHost |    INFO | Record refprice at 15:58:00 (NOW,0,0.00)
2022-11-04 20:17:15,562 |  IcnHost |    INFO | Record refprice at 15:50:00 (UPS,0,0.00)
2022-11-04 20:17:15,562 |  IcnHost |    INFO | Record refprice at 15:55:00 (NOW,0,0.00)
2022-11-04 20:17:15,562 |  IcnHost |    INFO | Record refprice at 15:58:00 (ABT,0,0.00)
2022-11-04 20:17:15,562 |  IcnHost |    INFO | Record refprice at 15:50:00 (DHR,0,0.00)
2022-11-04 20:17:15,562 |  IcnHost |    INFO | Record refprice at 15:55:00 (ABT,0,0.00)
2022-11-04 20:17:15,562 |  IcnHost |    INFO | Record refprice at 15:58:00 (UPS,0,0.00)
2022-11-04 20:17:15,562 |  IcnHost |    INFO | Record refprice at 15:50:00 (UNP,0,0.00)
2022-11-04 20:17:15,562 |  IcnHost |    INFO | Record refprice at 15:55:00 (UPS,0,0.00)
2022-11-04 20:17:15,562 |  IcnHost |    INFO | Record refprice at 15:58:00 (DHR,0,0.00)
2022-11-04 20:17:15,563 |  IcnHost |    INFO | Record refprice at 15:50:00 (LMT,0,0.00)
2022-11-04 20:17:15,563 |  IcnHost |    INFO | Record refprice at 15:55:00 (DHR,0,0.00)
2022-11-04 20:17:15,563 |  IcnHost |    INFO | Record refprice at 15:58:00 (UNP,0,0.00)
2022-11-04 20:17:15,563 |  IcnHost |    INFO | Record refprice at 15:50:00 (TMO,0,0.00)
2022-11-04 20:17:15,563 |  IcnHost |    INFO | Record refprice at 15:55:00 (UNP,0,0.00)
2022-11-04 20:17:15,563 |  IcnHost |    INFO | Record refprice at 15:58:00 (LMT,0,0.00)
2022-11-04 20:17:15,563 |  IcnHost |    INFO | Record refprice at 15:50:00 (DE,0,0.00)
2022-11-04 20:17:15,563 |  IcnHost |    INFO | Record refprice at 15:55:00 (LMT,0,0.00)
2022-11-04 20:17:15,563 |  IcnHost |    INFO | Record refprice at 15:58:00 (TMO,0,0.00)
2022-11-04 20:17:15,563 |  IcnHost |    INFO | Record refprice at 15:50:00 (AXP,0,0.00)
2022-11-04 20:17:15,563 |  IcnHost |    INFO | Record refprice at 15:55:00 (TMO,0,0.00)
2022-11-04 20:17:15,563 |  IcnHost |    INFO | Record refprice at 15:58:00 (DE,0,0.00)
2022-11-04 20:17:15,563 |  IcnHost |    INFO | Record refprice at 15:50:00 (PM,0,0.00)
2022-11-04 20:17:15,563 |  IcnHost |    INFO | Record refprice at 15:55:00 (DE,0,0.00)
2022-11-04 20:17:15,563 |  IcnHost |    INFO | Record refprice at 15:58:00 (AXP,0,0.00)
2022-11-04 20:17:15,563 |  IcnHost |    INFO | Record refprice at 15:50:00 (AMT,0,0.00)
2022-11-04 20:17:15,563 |  IcnHost |    INFO | Record refprice at 15:55:00 (AXP,0,0.00)
2022-11-04 20:17:15,563 |  IcnHost |    INFO | Record refprice at 15:58:00 (PM,0,0.00)
2022-11-04 20:17:15,564 |  IcnHost |    INFO | Record refprice at 15:50:00 (PSX,0,0.00)
2022-11-04 20:17:15,564 |  IcnHost |    INFO | Record refprice at 15:55:00 (PM,0,0.00)
2022-11-04 20:17:15,564 |  IcnHost |    INFO | Record refprice at 15:58:00 (AMT,0,0.00)
2022-11-04 20:17:15,564 |  IcnHost |    INFO | Record refprice at 15:50:00 (PLD,0,0.00)
2022-11-04 20:17:15,564 |  IcnHost |    INFO | Record refprice at 15:55:00 (AMT,0,0.00)
2022-11-04 20:17:15,564 |  IcnHost |    INFO | Record refprice at 15:58:00 (PSX,0,0.00)
2022-11-04 20:17:15,564 |  IcnHost |    INFO | Record refprice at 15:50:00 (ANTM,0,0.00)
2022-11-04 20:17:15,564 |  IcnHost |    INFO | Record refprice at 15:55:00 (PSX,0,0.00)
2022-11-04 20:17:15,564 |  IcnHost |    INFO | Record refprice at 15:58:00 (PLD,0,0.00)
2022-11-04 20:17:15,564 |  IcnHost |    INFO | Record refprice at 15:50:00 (CTRA,0,0.00)
2022-11-04 20:17:15,564 |  IcnHost |    INFO | Record refprice at 15:55:00 (PLD,0,0.00)
2022-11-04 20:17:15,564 |  IcnHost |    INFO | Record refprice at 15:58:00 (ANTM,0,0.00)
2022-11-04 20:17:15,564 |  IcnHost |    INFO | Record refprice at 15:50:00 (SCHW,0,0.00)
2022-11-04 20:17:15,564 |  IcnHost |    INFO | Record refprice at 15:55:00 (ANTM,0,0.00)
2022-11-04 20:17:15,564 |  IcnHost |    INFO | Record refprice at 15:58:00 (CTRA,0,0.00)
2022-11-04 20:17:15,564 |  IcnHost |    INFO | Record refprice at 15:50:00 (F,0,0.00)
2022-11-04 20:17:15,564 |  IcnHost |    INFO | Record refprice at 15:55:00 (CTRA,0,0.00)
2022-11-04 20:17:15,564 |  IcnHost |    INFO | Record refprice at 15:58:00 (SCHW,0,0.00)
2022-11-04 20:17:15,565 |  IcnHost |    INFO | Record refprice at 15:50:00 (VALE,0,0.00)
2022-11-04 20:17:15,565 |  IcnHost |    INFO | Record refprice at 15:55:00 (SCHW,0,0.00)
2022-11-04 20:17:15,565 |  IcnHost |    INFO | Record refprice at 15:58:00 (F,0,0.00)
2022-11-04 20:17:15,565 |  IcnHost |    INFO | Record refprice at 15:50:00 (CI,0,0.00)
2022-11-04 20:17:15,565 |  IcnHost |    INFO | Record refprice at 15:55:00 (F,0,0.00)
2022-11-04 20:17:15,565 |  IcnHost |    INFO | Record refprice at 15:58:00 (VALE,0,0.00)
2022-11-04 20:17:15,565 |  IcnHost |    INFO | Record refprice at 15:50:00 (BX,0,0.00)
2022-11-04 20:17:15,565 |  IcnHost |    INFO | Record refprice at 15:55:00 (VALE,0,0.00)
2022-11-04 20:17:15,565 |  IcnHost |    INFO | Record refprice at 15:58:00 (CI,0,0.00)
2022-11-04 20:17:15,565 |  IcnHost |    INFO | Record refprice at 15:50:00 (BLK,0,0.00)
2022-11-04 20:17:15,565 |  IcnHost |    INFO | Record refprice at 15:55:00 (CI,0,0.00)
2022-11-04 20:17:15,565 |  IcnHost |    INFO | Record refprice at 15:58:00 (BX,0,0.00)
2022-11-04 20:17:15,565 |  IcnHost |    INFO | Record refprice at 15:50:00 (MDT,0,0.00)
2022-11-04 20:17:15,565 |  IcnHost |    INFO | Record refprice at 15:55:00 (BX,0,0.00)
2022-11-04 20:17:15,565 |  IcnHost |    INFO | Record refprice at 15:58:00 (BLK,0,0.00)
2022-11-04 20:17:15,565 |  IcnHost |    INFO | Record refprice at 15:50:00 (GM,0,0.00)
2022-11-04 20:17:15,565 |  IcnHost |    INFO | Record refprice at 15:55:00 (BLK,0,0.00)
2022-11-04 20:17:15,565 |  IcnHost |    INFO | Record refprice at 15:58:00 (MDT,0,0.00)
2022-11-04 20:17:15,566 |  IcnHost |    INFO | Record refprice at 15:50:00 (MCK,0,0.00)
2022-11-04 20:17:15,566 |  IcnHost |    INFO | Record refprice at 15:55:00 (MDT,0,0.00)
2022-11-04 20:17:15,566 |  IcnHost |    INFO | Record refprice at 15:58:00 (GM,0,0.00)
2022-11-04 20:17:15,566 |  IcnHost |    INFO | Record refprice at 15:50:00 (HAL,0,0.00)
2022-11-04 20:17:15,566 |  IcnHost |    INFO | Record refprice at 15:55:00 (GM,0,0.00)
2022-11-04 20:17:15,566 |  IcnHost |    INFO | Record refprice at 15:58:00 (MCK,0,0.00)
2022-11-04 20:17:15,566 |  IcnHost |    INFO | Record refprice at 15:50:00 (DAL,0,0.00)
2022-11-04 20:17:15,566 |  IcnHost |    INFO | Record refprice at 15:55:00 (MCK,0,0.00)
2022-11-04 20:17:15,566 |  IcnHost |    INFO | Record refprice at 15:58:00 (HAL,0,0.00)
2022-11-04 20:17:15,566 |  IcnHost |    INFO | Record refprice at 15:50:00 (GE,0,0.00)
2022-11-04 20:17:15,566 |  IcnHost |    INFO | Record refprice at 15:55:00 (HAL,0,0.00)
2022-11-04 20:17:15,566 |  IcnHost |    INFO | Record refprice at 15:58:00 (DAL,0,0.00)
2022-11-04 20:17:15,566 |  IcnHost |    INFO | Record refprice at 15:50:00 (CVS,0,0.00)
2022-11-04 20:17:15,566 |  IcnHost |    INFO | Record refprice at 15:55:00 (DAL,0,0.00)
2022-11-04 20:17:15,566 |  IcnHost |    INFO | Record refprice at 15:58:00 (GE,0,0.00)
2022-11-04 20:17:15,566 |  IcnHost |    INFO | Record refprice at 15:50:00 (TWTR,0,0.00)
2022-11-04 20:17:15,566 |  IcnHost |    INFO | Record refprice at 15:55:00 (GE,0,0.00)
2022-11-04 20:17:15,567 |  IcnHost |    INFO | Record refprice at 15:58:00 (CVS,0,0.00)
2022-11-04 20:17:15,567 |  IcnHost |    INFO | Record refprice at 15:50:00 (CB,0,0.00)
2022-11-04 20:17:15,567 |  IcnHost |    INFO | Record refprice at 15:55:00 (CVS,0,0.00)
2022-11-04 20:17:15,567 |  IcnHost |    INFO | Record refprice at 15:58:00 (TWTR,0,0.00)
2022-11-04 20:17:15,567 |  IcnHost |    INFO | Record refprice at 15:50:00 (ZEN,0,0.00)
2022-11-04 20:17:15,567 |  IcnHost |    INFO | Record refprice at 15:55:00 (TWTR,0,0.00)
2022-11-04 20:17:15,567 |  IcnHost |    INFO | Record refprice at 15:58:00 (CB,0,0.00)
2022-11-04 20:17:15,567 |  IcnHost |    INFO | Record refprice at 15:50:00 (MOS,0,0.00)
2022-11-04 20:17:15,567 |  IcnHost |    INFO | Record refprice at 15:55:00 (CB,0,0.00)
2022-11-04 20:17:15,567 |  IcnHost |    INFO | Record refprice at 15:58:00 (ZEN,0,0.00)
2022-11-04 20:17:15,567 |  IcnHost |    INFO | Record refprice at 15:50:00 (MMM,0,0.00)
2022-11-04 20:17:15,567 |  IcnHost |    INFO | Record refprice at 15:55:00 (ZEN,0,0.00)
2022-11-04 20:17:15,567 |  IcnHost |    INFO | Record refprice at 15:58:00 (MOS,0,0.00)
2022-11-04 20:17:15,567 |  IcnHost |    INFO | Record refprice at 15:50:00 (HCA,0,0.00)
2022-11-04 20:17:15,567 |  IcnHost |    INFO | Record refprice at 15:55:00 (MOS,0,0.00)
2022-11-04 20:17:15,567 |  IcnHost |    INFO | Record refprice at 15:58:00 (MMM,0,0.00)
2022-11-04 20:17:15,567 |  IcnHost |    INFO | Record refprice at 15:50:00 (SHW,0,0.00)
2022-11-04 20:17:15,567 |  IcnHost |    INFO | Record refprice at 15:55:00 (MMM,0,0.00)
2022-11-04 20:17:15,568 |  IcnHost |    INFO | Record refprice at 15:58:00 (HCA,0,0.00)
2022-11-04 20:17:15,568 |  IcnHost |    INFO | Record refprice at 15:50:00 (DG,0,0.00)
2022-11-04 20:17:15,568 |  IcnHost |    INFO | Record refprice at 15:55:00 (HCA,0,0.00)
2022-11-04 20:17:15,568 |  IcnHost |    INFO | Record refprice at 15:58:00 (SHW,0,0.00)
2022-11-04 20:17:15,568 |  IcnHost |    INFO | Record refprice at 15:50:00 (NEM,0,0.00)
2022-11-04 20:17:15,568 |  IcnHost |    INFO | Record refprice at 15:55:00 (SHW,0,0.00)
2022-11-04 20:17:15,568 |  IcnHost |    INFO | Record refprice at 15:58:00 (DG,0,0.00)
2022-11-04 20:17:15,568 |  IcnHost |    INFO | Record refprice at 15:50:00 (HES,0,0.00)
2022-11-04 20:17:15,568 |  IcnHost |    INFO | Record refprice at 15:55:00 (DG,0,0.00)
2022-11-04 20:17:15,568 |  IcnHost |    INFO | Record refprice at 15:58:00 (NEM,0,0.00)
2022-11-04 20:17:15,568 |  IcnHost |    INFO | Record refprice at 15:50:00 (PBR,0,0.00)
2022-11-04 20:17:15,568 |  IcnHost |    INFO | Record refprice at 15:55:00 (NEM,0,0.00)
2022-11-04 20:17:15,568 |  IcnHost |    INFO | Record refprice at 15:58:00 (HES,0,0.00)
2022-11-04 20:17:15,568 |  IcnHost |    INFO | Record refprice at 15:50:00 (AR,0,0.00)
2022-11-04 20:17:15,568 |  IcnHost |    INFO | Record refprice at 15:55:00 (HES,0,0.00)
2022-11-04 20:17:15,568 |  IcnHost |    INFO | Record refprice at 15:58:00 (PBR,0,0.00)
2022-11-04 20:17:15,568 |  IcnHost |    INFO | Record refprice at 15:55:00 (PBR,0,0.00)
2022-11-04 20:17:15,568 |  IcnHost |    INFO | Record refprice at 15:58:00 (AR,0,0.00)
2022-11-04 20:17:15,569 |  IcnHost |    INFO | Record refprice at 15:55:00 (AR,0,0.00)
2022-11-04 20:17:15,655 |   Server |    INFO | ACCEPTing connections on port 8866.
2022-11-04 20:17:36,726 |  IcnHost |    INFO | Stopped.
2022-11-04 20:17:36,727 |   Server |    INFO | Stopped.
